---------------------------------------------------------------------------------
DirectOutput Framework - Version 3.2.9313.40076, x86-Release, built 2025.07.01 22:15
DOF created by SwissLizard / MIT License
MJR Grander Unified DOF R3++ edition feat. Djrobx, Rambo3, Vroonsh, CSD, and Freezy
https://github.com/mjrgh/DirectOutput
2026.03.30 12:29:31.238	DirectOutput logger initialized
2026.03.30 12:29:30.060	Install folder lookup: assembly: K:\vPinball\DirectOutput\x86\DirectOutput.dll, install folder: K:\vPinball\DirectOutput (PARENT of the assembly folder -> new shared x86/x64 install)
2026.03.30 12:29:31.230	Loading global configuration from K:\vPinball\DirectOutput\Config\GlobalConfig_B2SServer.xml
2026.03.30 12:29:31.235	Global config successfully loaded from K:\vPinball\DirectOutput\Config\GlobalConfig_B2SServer.xml
2026.03.30 12:29:31.236	Substitution variables: {DllDir}=K:\vPinball\DirectOutput; {InstallDir}=K:\vPinball\DirectOutput; {BinDir}=K:\vPinball\DirectOutput\x86; {TableDir}=K:\vPinball\VisualPinball\Tables; {TableName}=Cactus Canyon (Bally 1998) VPW 1.1; {RomName}=cc
2026.03.30 12:29:31.238	Loading Pinball parts
2026.03.30 12:29:31.238	Loading cabinet
2026.03.30 12:29:31.238	Will load cabinet config file: K:\vPinball\DirectOutput\Config\cabinet.xml
2026.03.30 12:29:31.275	1 output controller definitions and 2 toy definitions loaded from cabinet config.
2026.03.30 12:29:31.275	Cabinet config file has AutoConfig feature enabled. Calling AutoConfig.
2026.03.30 12:29:31.276	Cabinet auto configuration started
2026.03.30 12:29:31.599	PhilipsHueAutoConfigurator.AutoConfig started...note, actual connection detection will happen asynchronously, and device disabled if not succesfull (check further down in the log)
2026.03.30 12:29:31.616	Cabinet auto configuration finished
2026.03.30 12:29:31.616	Auto-config complete.
2026.03.30 12:29:31.616	Cabinet config loaded successfully from K:\vPinball\DirectOutput\Config\cabinet.xml
2026.03.30 12:29:31.616	Cabinet loaded
2026.03.30 12:29:31.616	Loading table config
2026.03.30 12:29:31.616	Warning: No table config file found. Will try to load config from LedControl file(s).
2026.03.30 12:29:31.616	Will try to load configs from DirectOutput.ini or LedControl.ini file(s) for RomName cc
2026.03.30 12:29:31.618	Loading LedControl file K:\vPinball\DirectOutput\Config\directoutputconfig30.ini
2026.03.30 12:29:31.620	Min DOF Version is 0.8 for file directoutputconfig30.ini
2026.03.30 12:29:31.620	Resolving Tables Variables (K:\vPinball\DirectOutput\Config\directoutputconfig30.ini)
2026.03.30 12:29:31.622	Resolving Global Variables (K:\vPinball\DirectOutput\Config\directoutputconfig30.ini)
2026.03.30 12:29:31.702	1 directoutputconfig.ini or ledcontrol.ini files loaded.
2026.03.30 12:29:31.703	Config for RomName cc exists in LedControl data. Updating cabinet and config.
2026.03.30 12:29:31.712	Table config loading finished: romname=cc, tablename=Cactus Canyon (Bally 1998) VPW 1.1
2026.03.30 12:29:31.713	Pinball parts loaded
2026.03.30 12:29:31.714	Starting processes
2026.03.30 12:29:31.714	Initializing cabinet
2026.03.30 12:29:31.714	Initializing output controllers
2026.03.30 12:29:31.716	TeensyStripController "ESP32_Controller" initialized and updater thread started.
2026.03.30 12:29:31.716	Output controllers initialized
2026.03.30 12:29:31.717	TeensyStripController "ESP32_Controller" updater thread started.
2026.03.30 12:29:31.718	Initializing ComPort COM7 with these settings :
2026.03.30 12:29:31.718		BaudRate 115200, Parity None, DataBits 8, StopBits One, R/W Timeouts 200ms
2026.03.30 12:29:31.718		Handshake Timings : Open 2000ms, Loop Start/End 200/200ms, DTR enable True
2026.03.30 12:29:31.722	Cabinet initialized
2026.03.30 12:29:31.725	Searching for DirectOutputShapes.xml in .ini file location (K:\vPinball\DirectOutput\Config): Success
2026.03.30 12:29:31.725	Loading shape definition file: K:\vPinball\DirectOutput\Config\DirectOutputShapes.xml
2026.03.30 12:29:31.763	Framework initialized.
2026.03.30 12:29:31.763	Have fun! :)
2026.03.30 12:29:37.766	EXCEPTION: Could not put the controller on com-port 'COM7' into the commandmode. Will not send data to the controller.
2026.03.30 12:29:37.766	EXCEPTION: Thread: TeensyStripController "ESP32_Controller" updater thread
2026.03.30 12:29:37.767	TeensyStripController "ESP32_Controller" updater thread has connected to TeensyStripController "ESP32_Controller".
2026.03.30 12:29:37.768	EXCEPTION: TeensyStripController "ESP32_Controller" updater thread could not send update for TeensyStripController "ESP32_Controller": Comport is not initialized. Will try again.
2026.03.30 12:29:37.768	EXCEPTION: Thread: TeensyStripController "ESP32_Controller" updater thread
2026.03.30 12:29:37.768	EXCEPTION: Message: Exception --> Comport is not initialized
2026.03.30 12:29:37.774	EXCEPTION: Stack trace:    at DirectOutput.Cab.Out.AdressableLedStrip.TeensyStripController.UpdateOutputs(Byte[] OutputValues)
2026.03.30 12:29:37.774	EXCEPTION: Stack trace:    at DirectOutput.Cab.Out.OutputControllerCompleteBase.UpdaterThreadDoIt()
2026.03.30 12:29:37.774	EXCEPTION: Target site: Void UpdateOutputs(Byte[])
2026.03.30 12:29:37.774	Warning: TeensyStripController "ESP32_Controller" updater thread tries to reconnect to TeensyStripController "ESP32_Controller".
2026.03.30 12:29:37.890	Initializing ComPort COM7 with these settings :
2026.03.30 12:29:37.890		BaudRate 115200, Parity None, DataBits 8, StopBits One, R/W Timeouts 200ms
2026.03.30 12:29:37.890		Handshake Timings : Open 2000ms, Loop Start/End 200/200ms, DTR enable True
2026.03.30 12:29:43.927	EXCEPTION: Could not put the controller on com-port 'COM7' into the commandmode. Will not send data to the controller.
2026.03.30 12:29:43.927	EXCEPTION: Thread: TeensyStripController "ESP32_Controller" updater thread
2026.03.30 12:29:43.928	TeensyStripController "ESP32_Controller" updater thread has reconnected to TeensyStripController "ESP32_Controller".
2026.03.30 12:29:44.035	EXCEPTION: TeensyStripController "ESP32_Controller" updater thread could still not send update for TeensyStripController "ESP32_Controller": Comport is not initialized. Thread will quit.
2026.03.30 12:29:44.035	EXCEPTION: Thread: TeensyStripController "ESP32_Controller" updater thread
2026.03.30 12:29:44.035	EXCEPTION: Message: Exception --> Comport is not initialized
2026.03.30 12:29:44.036	EXCEPTION: Stack trace:    at DirectOutput.Cab.Out.AdressableLedStrip.TeensyStripController.UpdateOutputs(Byte[] OutputValues)
2026.03.30 12:29:44.036	EXCEPTION: Stack trace:    at DirectOutput.Cab.Out.OutputControllerCompleteBase.UpdaterThreadDoIt()
2026.03.30 12:29:44.036	EXCEPTION: Target site: Void UpdateOutputs(Byte[])
2026.03.30 12:31:40.739	Finishing framework
2026.03.30 12:31:40.740	Finishing cabinet
2026.03.30 12:31:40.740	Finishing output controllers
2026.03.30 12:31:40.740	TeensyStripController "ESP32_Controller" finished and updater thread stopped.
2026.03.30 12:31:40.740	Output controllers finished
2026.03.30 12:31:40.740	Cabinet finished
2026.03.30 12:31:40.740	DirectOutput framework finished.
2026.03.30 12:31:40.740	Bye and thanks for using!
2026.03.30 12:31:40.740	Loading global configuration from K:\vPinball\DirectOutput\Config\GlobalConfig_B2SServer.xml
2026.03.30 12:31:40.741	Global config successfully loaded from K:\vPinball\DirectOutput\Config\GlobalConfig_B2SServer.xml
2026.03.30 12:31:40.742	Loading Pinball parts
2026.03.30 12:31:40.742	Loading cabinet
2026.03.30 12:31:40.742	Will load cabinet config file: K:\vPinball\DirectOutput\Config\cabinet.xml
2026.03.30 12:31:40.745	1 output controller definitions and 2 toy definitions loaded from cabinet config.
2026.03.30 12:31:40.745	Cabinet config file has AutoConfig feature enabled. Calling AutoConfig.
2026.03.30 12:31:40.745	Cabinet auto configuration started
2026.03.30 12:31:40.959	PhilipsHueAutoConfigurator.AutoConfig started...note, actual connection detection will happen asynchronously, and device disabled if not succesfull (check further down in the log)
2026.03.30 12:31:40.959	Cabinet auto configuration finished
2026.03.30 12:31:40.959	Auto-config complete.
2026.03.30 12:31:40.959	Cabinet config loaded successfully from K:\vPinball\DirectOutput\Config\cabinet.xml
2026.03.30 12:31:40.959	Cabinet loaded
2026.03.30 12:31:40.959	Loading table config
2026.03.30 12:31:40.960	Warning: No table config file found. Will try to load config from LedControl file(s).
2026.03.30 12:31:40.960	Will try to load configs from DirectOutput.ini or LedControl.ini file(s) for RomName cc
2026.03.30 12:31:40.960	Loading LedControl file K:\vPinball\DirectOutput\Config\directoutputconfig30.ini
2026.03.30 12:31:40.960	Min DOF Version is 0.8 for file directoutputconfig30.ini
2026.03.30 12:31:40.960	Resolving Tables Variables (K:\vPinball\DirectOutput\Config\directoutputconfig30.ini)
2026.03.30 12:31:40.960	Resolving Global Variables (K:\vPinball\DirectOutput\Config\directoutputconfig30.ini)
2026.03.30 12:31:41.011	1 directoutputconfig.ini or ledcontrol.ini files loaded.
2026.03.30 12:31:41.011	Config for RomName cc exists in LedControl data. Updating cabinet and config.
2026.03.30 12:31:41.011	Table config loading finished: romname=cc, tablename=Cactus Canyon (Bally 1998) VPW 1.1
2026.03.30 12:31:41.011	Pinball parts loaded
2026.03.30 12:31:41.011	Starting processes
2026.03.30 12:31:41.011	Initializing cabinet
2026.03.30 12:31:41.011	Initializing output controllers
2026.03.30 12:31:41.012	TeensyStripController "ESP32_Controller" initialized and updater thread started.
2026.03.30 12:31:41.012	Output controllers initialized
2026.03.30 12:31:41.012	TeensyStripController "ESP32_Controller" updater thread started.
2026.03.30 12:31:41.012	Cabinet initialized
2026.03.30 12:31:41.012	Initializing ComPort COM7 with these settings :
2026.03.30 12:31:41.012		BaudRate 115200, Parity None, DataBits 8, StopBits One, R/W Timeouts 200ms
2026.03.30 12:31:41.012		Handshake Timings : Open 2000ms, Loop Start/End 200/200ms, DTR enable True
2026.03.30 12:31:41.012	Loading shape definition file: K:\vPinball\DirectOutput\Config\DirectOutputShapes.xml
2026.03.30 12:31:41.016	Framework initialized.
2026.03.30 12:31:41.016	Have fun! :)
2026.03.30 12:31:47.054	EXCEPTION: Could not put the controller on com-port 'COM7' into the commandmode. Will not send data to the controller.
2026.03.30 12:31:47.054	EXCEPTION: Thread: TeensyStripController "ESP32_Controller" updater thread
2026.03.30 12:31:47.055	TeensyStripController "ESP32_Controller" updater thread has connected to TeensyStripController "ESP32_Controller".
2026.03.30 12:31:47.055	EXCEPTION: TeensyStripController "ESP32_Controller" updater thread could not send update for TeensyStripController "ESP32_Controller": Comport is not initialized. Will try again.
2026.03.30 12:31:47.055	EXCEPTION: Thread: TeensyStripController "ESP32_Controller" updater thread
2026.03.30 12:31:47.055	EXCEPTION: Message: Exception --> Comport is not initialized
2026.03.30 12:31:47.055	EXCEPTION: Stack trace:    at DirectOutput.Cab.Out.AdressableLedStrip.TeensyStripController.UpdateOutputs(Byte[] OutputValues)
2026.03.30 12:31:47.055	EXCEPTION: Stack trace:    at DirectOutput.Cab.Out.OutputControllerCompleteBase.UpdaterThreadDoIt()
2026.03.30 12:31:47.055	EXCEPTION: Target site: Void UpdateOutputs(Byte[])
2026.03.30 12:31:47.055	Warning: TeensyStripController "ESP32_Controller" updater thread tries to reconnect to TeensyStripController "ESP32_Controller".
2026.03.30 12:31:47.162	Initializing ComPort COM7 with these settings :
2026.03.30 12:31:47.162		BaudRate 115200, Parity None, DataBits 8, StopBits One, R/W Timeouts 200ms
2026.03.30 12:31:47.162		Handshake Timings : Open 2000ms, Loop Start/End 200/200ms, DTR enable True
2026.03.30 12:31:53.200	EXCEPTION: Could not put the controller on com-port 'COM7' into the commandmode. Will not send data to the controller.
2026.03.30 12:31:53.200	EXCEPTION: Thread: TeensyStripController "ESP32_Controller" updater thread
2026.03.30 12:31:53.200	TeensyStripController "ESP32_Controller" updater thread has reconnected to TeensyStripController "ESP32_Controller".
2026.03.30 12:31:53.308	EXCEPTION: TeensyStripController "ESP32_Controller" updater thread could still not send update for TeensyStripController "ESP32_Controller": Comport is not initialized. Thread will quit.
2026.03.30 12:31:53.308	EXCEPTION: Thread: TeensyStripController "ESP32_Controller" updater thread
2026.03.30 12:31:53.308	EXCEPTION: Message: Exception --> Comport is not initialized
2026.03.30 12:31:53.308	EXCEPTION: Stack trace:    at DirectOutput.Cab.Out.AdressableLedStrip.TeensyStripController.UpdateOutputs(Byte[] OutputValues)
2026.03.30 12:31:53.308	EXCEPTION: Stack trace:    at DirectOutput.Cab.Out.OutputControllerCompleteBase.UpdaterThreadDoIt()
2026.03.30 12:31:53.308	EXCEPTION: Target site: Void UpdateOutputs(Byte[])
2026.03.30 12:42:50.403	Finishing framework
2026.03.30 12:42:50.404	Finishing cabinet
2026.03.30 12:42:50.404	Finishing output controllers
2026.03.30 12:42:50.404	TeensyStripController "ESP32_Controller" finished and updater thread stopped.
2026.03.30 12:42:50.404	Output controllers finished
2026.03.30 12:42:50.404	Cabinet finished
2026.03.30 12:42:50.404	DirectOutput framework finished.
2026.03.30 12:42:50.404	Bye and thanks for using!
